Using pre-set license
Built from '2020.3/staging' branch; Version is '2020.3.4f1 (0abb6314276a) revision 703331'; Using compiler version '192528614'; Build Type 'Release'
OS: 'Windows 10 Enterprise LTSC 2019; OS build 17763.1817; Version 1809; 64bit' Language: 'ru' Physical Memory: 6092 MB
BatchMode: 1, IsHumanControllingUs: 0, StartBugReporterOnCrash: 0, Is64bit: 1, IsPro: 0

 COMMAND LINE ARGUMENTS:
C:\Program Files\Unity\Hub\Editor\2020.3.4f1\Editor\Unity.exe
-adb2
-batchMode
-noUpm
-name
AssetImportWorker0
-projectPath
D:/DocumentsNEW/GitHub/ALDNT/ALDNT/ALDNT
-logFile
Logs/AssetImportWorker0.log
-srvPort
51148
Successfully changed project path to: D:/DocumentsNEW/GitHub/ALDNT/ALDNT/ALDNT
D:/DocumentsNEW/GitHub/ALDNT/ALDNT/ALDNT
Using Asset Import Pipeline V2.
Refreshing native plugins compatible for Editor in 49.65 ms, found 1 plugins.
Preloading 0 native plugins for Editor in 0.00 ms.
Initialize engine version: 2020.3.4f1 (0abb6314276a)
[Subsystems] Discovering subsystems at path C:/Program Files/Unity/Hub/Editor/2020.3.4f1/Editor/Data/Resources/UnitySubsystems
[Subsystems] Discovering subsystems at path D:/DocumentsNEW/GitHub/ALDNT/ALDNT/ALDNT/Assets
GfxDevice: creating device client; threaded=0
Direct3D:
    Version:  Direct3D 11.0 [level 11.1]
    Renderer: AMD Radeon(TM) Vega 8 Graphics (ID=0x15dd)
    Vendor:   
    VRAM:     3046 MB
    Driver:   26.20.11002.12
Initialize mono
Mono path[0] = 'C:/Program Files/Unity/Hub/Editor/2020.3.4f1/Editor/Data/Managed'
Mono path[1] = 'C:/Program Files/Unity/Hub/Editor/2020.3.4f1/Editor/Data/MonoBleedingEdge/lib/mono/unityjit'
Mono config path = 'C:/Program Files/Unity/Hub/Editor/2020.3.4f1/Editor/Data/MonoBleedingEdge/etc'
Using monoOptions --debugger-agent=transport=dt_socket,embedding=1,server=y,suspend=n,address=127.0.0.1:56300
Begin MonoManager ReloadAssembly
Registering precompiled unity dll's ...
Register platform support module: C:/Program Files/Unity/Hub/Editor/2020.3.4f1/Editor/Data/PlaybackEngines/WindowsStandaloneSupport/UnityEditor.WindowsStandalone.Extensions.dll
Registered in 0.003045 seconds.
Native extension for WindowsStandalone target not found
Refreshing native plugins compatible for Editor in 49.71 ms, found 1 plugins.
Preloading 0 native plugins for Editor in 0.00 ms.
Mono: successfully reloaded assembly
- Completed reload, in  3.150 seconds
Platform modules already initialized, skipping
Registering precompiled user dll's ...
Registered in 0.000996 seconds.
Begin MonoManager ReloadAssembly
Native extension for WindowsStandalone target not found
Refreshing native plugins compatible for Editor in 47.29 ms, found 1 plugins.
Preloading 0 native plugins for Editor in 0.00 ms.
Mono: successfully reloaded assembly
- Completed reload, in  1.331 seconds
Platform modules already initialized, skipping
========================================================================
Worker process is ready to serve import requests
Launched and connected shader compiler UnityShaderCompiler.exe after 0.07 seconds
Refreshing native plugins compatible for Editor in 0.38 ms, found 1 plugins.
Preloading 0 native plugins for Editor in 0.00 ms.
Unloading 1820 Unused Serialized files (Serialized files now loaded: 0)
System memory in use before: 85.2 MB.
System memory in use after: 85.2 MB.

Unloading 24 unused Assets to reduce memory usage. Loaded Objects now: 2264.
Total: 2.789200 ms (FindLiveObjects: 0.259600 ms CreateObjectMapping: 0.071800 ms MarkObjects: 2.284500 ms  DeleteObjects: 0.171600 ms)

========================================================================
Received Import Request.
  path: Assets/fonts
  artifactKey: Guid(018e148ec2dbe5547ac1228147cd4a61) Importer(815301076,1909f56bfc062723c751e8b465ee728b)
Start importing Assets/fonts using Guid(018e148ec2dbe5547ac1228147cd4a61) Importer(815301076,1909f56bfc062723c751e8b465ee728b)  -> (artifact id: '3b26b3cc09eb676ca0fbe3910a0d1e2a') in 0.007292 seconds
  Import took 0.034598 seconds .

========================================================================
Received Import Request.
  Time since last request: 0.000854 seconds.
  path: Assets/fonts/comici.ttf
  artifactKey: Guid(48c6dd06da65a4a438432f9c646ab16f) Importer(815301076,1909f56bfc062723c751e8b465ee728b)
Start importing Assets/fonts/comici.ttf using Guid(48c6dd06da65a4a438432f9c646ab16f) Importer(815301076,1909f56bfc062723c751e8b465ee728b)  -> (artifact id: '92268b841ee6acaddcdb865479ed17a7') in 0.228019 seconds
  Import took 0.251914 seconds .

========================================================================
Received Import Request.
  Time since last request: 0.000359 seconds.
  path: Assets/fonts/comic.ttf
  artifactKey: Guid(20b8b01f8ba60a34d9ecb15572c24dce) Importer(815301076,1909f56bfc062723c751e8b465ee728b)
Start importing Assets/fonts/comic.ttf using Guid(20b8b01f8ba60a34d9ecb15572c24dce) Importer(815301076,1909f56bfc062723c751e8b465ee728b)  -> (artifact id: '8f94bc932628554587f072e1a82c6fe1') in 0.014597 seconds
  Import took 0.030158 seconds .

========================================================================
Received Import Request.
  Time since last request: 0.000367 seconds.
  path: Assets/fonts/comicz.ttf
  artifactKey: Guid(382f63c7db79b2c46aba8ebd0153bcaa) Importer(815301076,1909f56bfc062723c751e8b465ee728b)
Start importing Assets/fonts/comicz.ttf using Guid(382f63c7db79b2c46aba8ebd0153bcaa) Importer(815301076,1909f56bfc062723c751e8b465ee728b)  -> (artifact id: '539f016d1d5b82e4d7a4edd74a382fb6') in 0.024548 seconds
  Import took 0.029803 seconds .

========================================================================
Received Import Request.
  Time since last request: 0.000245 seconds.
  path: Assets/fonts/comicbd.ttf
  artifactKey: Guid(0b930466834864d4c9774f08c1eefa2d) Importer(815301076,1909f56bfc062723c751e8b465ee728b)
Start importing Assets/fonts/comicbd.ttf using Guid(0b930466834864d4c9774f08c1eefa2d) Importer(815301076,1909f56bfc062723c751e8b465ee728b)  -> (artifact id: '950615096a5da25afdf57955631d0560') in 0.023677 seconds
  Import took 0.042043 seconds .

========================================================================
Received Prepare
Registering precompiled user dll's ...
Registered in 0.000921 seconds.
Begin MonoManager ReloadAssembly
Native extension for WindowsStandalone target not found
Refreshing native plugins compatible for Editor in 0.41 ms, found 1 plugins.
Preloading 0 native plugins for Editor in 0.00 ms.
Mono: successfully reloaded assembly
- Completed reload, in  1.156 seconds
Platform modules already initialized, skipping
Refreshing native plugins compatible for Editor in 0.38 ms, found 1 plugins.
Preloading 0 native plugins for Editor in 0.00 ms.
Unloading 1815 Unused Serialized files (Serialized files now loaded: 0)
System memory in use before: 88.6 MB.
System memory in use after: 88.6 MB.

Unloading 12 unused Assets to reduce memory usage. Loaded Objects now: 2312.
Total: 3.017400 ms (FindLiveObjects: 0.246400 ms CreateObjectMapping: 0.060600 ms MarkObjects: 2.566900 ms  DeleteObjects: 0.141700 ms)

========================================================================
Received Prepare
Registering precompiled user dll's ...
Registered in 0.001092 seconds.
Begin MonoManager ReloadAssembly
Native extension for WindowsStandalone target not found
Refreshing native plugins compatible for Editor in 0.39 ms, found 1 plugins.
Preloading 0 native plugins for Editor in 0.00 ms.
Mono: successfully reloaded assembly
- Completed reload, in  1.109 seconds
Platform modules already initialized, skipping
Refreshing native plugins compatible for Editor in 0.45 ms, found 1 plugins.
Preloading 0 native plugins for Editor in 0.00 ms.
Unloading 1815 Unused Serialized files (Serialized files now loaded: 0)
System memory in use before: 88.6 MB.
System memory in use after: 88.6 MB.

Unloading 12 unused Assets to reduce memory usage. Loaded Objects now: 2316.
Total: 2.923500 ms (FindLiveObjects: 0.233400 ms CreateObjectMapping: 0.045800 ms MarkObjects: 2.483000 ms  DeleteObjects: 0.159400 ms)

========================================================================
Received Prepare
Registering precompiled user dll's ...
Registered in 0.000890 seconds.
Begin MonoManager ReloadAssembly
Native extension for WindowsStandalone target not found
Refreshing native plugins compatible for Editor in 0.39 ms, found 1 plugins.
Preloading 0 native plugins for Editor in 0.00 ms.
Mono: successfully reloaded assembly
- Completed reload, in  1.087 seconds
Platform modules already initialized, skipping
Refreshing native plugins compatible for Editor in 0.41 ms, found 1 plugins.
Preloading 0 native plugins for Editor in 0.00 ms.
Unloading 1815 Unused Serialized files (Serialized files now loaded: 0)
System memory in use before: 88.6 MB.
System memory in use after: 88.6 MB.

Unloading 12 unused Assets to reduce memory usage. Loaded Objects now: 2320.
Total: 2.753600 ms (FindLiveObjects: 0.232700 ms CreateObjectMapping: 0.048600 ms MarkObjects: 2.313700 ms  DeleteObjects: 0.157300 ms)

========================================================================
Received Prepare
Registering precompiled user dll's ...
Registered in 0.001570 seconds.
Begin MonoManager ReloadAssembly
Native extension for WindowsStandalone target not found
Refreshing native plugins compatible for Editor in 0.38 ms, found 1 plugins.
Preloading 0 native plugins for Editor in 0.00 ms.
Mono: successfully reloaded assembly
- Completed reload, in  1.134 seconds
Platform modules already initialized, skipping
Refreshing native plugins compatible for Editor in 0.39 ms, found 1 plugins.
Preloading 0 native plugins for Editor in 0.00 ms.
Unloading 1815 Unused Serialized files (Serialized files now loaded: 0)
System memory in use before: 88.6 MB.
System memory in use after: 88.6 MB.

Unloading 12 unused Assets to reduce memory usage. Loaded Objects now: 2324.
Total: 2.870500 ms (FindLiveObjects: 0.282900 ms CreateObjectMapping: 0.061600 ms MarkObjects: 2.359100 ms  DeleteObjects: 0.165800 ms)

AssetImportWorkerClient::OnTransportError - code=2 error=End of file
