Using pre-set license
Built from '2020.3/staging' branch; Version is '2020.3.4f1 (0abb6314276a) revision 703331'; Using compiler version '192528614'; Build Type 'Release'
OS: 'Windows 10 Enterprise LTSC 2019; OS build 17763.1817; Version 1809; 64bit' Language: 'ru' Physical Memory: 6092 MB
BatchMode: 1, IsHumanControllingUs: 0, StartBugReporterOnCrash: 0, Is64bit: 1, IsPro: 0

 COMMAND LINE ARGUMENTS:
C:\Program Files\Unity\Hub\Editor\2020.3.4f1\Editor\Unity.exe
-adb2
-batchMode
-noUpm
-name
AssetImportWorker2
-projectPath
D:/DocumentsNEW/GitHub/ALDNT/ALDNT/ALDNT
-logFile
Logs/AssetImportWorker2.log
-srvPort
52785
Successfully changed project path to: D:/DocumentsNEW/GitHub/ALDNT/ALDNT/ALDNT
D:/DocumentsNEW/GitHub/ALDNT/ALDNT/ALDNT
Using Asset Import Pipeline V2.
Refreshing native plugins compatible for Editor in 48.67 ms, found 1 plugins.
Preloading 0 native plugins for Editor in 0.00 ms.
Initialize engine version: 2020.3.4f1 (0abb6314276a)
[Subsystems] Discovering subsystems at path C:/Program Files/Unity/Hub/Editor/2020.3.4f1/Editor/Data/Resources/UnitySubsystems
[Subsystems] Discovering subsystems at path D:/DocumentsNEW/GitHub/ALDNT/ALDNT/ALDNT/Assets
GfxDevice: creating device client; threaded=0
Direct3D:
    Version:  Direct3D 11.0 [level 11.1]
    Renderer: AMD Radeon(TM) Vega 8 Graphics (ID=0x15dd)
    Vendor:   
    VRAM:     3046 MB
    Driver:   26.20.11002.12
Initialize mono
Mono path[0] = 'C:/Program Files/Unity/Hub/Editor/2020.3.4f1/Editor/Data/Managed'
Mono path[1] = 'C:/Program Files/Unity/Hub/Editor/2020.3.4f1/Editor/Data/MonoBleedingEdge/lib/mono/unityjit'
Mono config path = 'C:/Program Files/Unity/Hub/Editor/2020.3.4f1/Editor/Data/MonoBleedingEdge/etc'
Using monoOptions --debugger-agent=transport=dt_socket,embedding=1,server=y,suspend=n,address=127.0.0.1:56868
Begin MonoManager ReloadAssembly
Registering precompiled unity dll's ...
Register platform support module: C:/Program Files/Unity/Hub/Editor/2020.3.4f1/Editor/Data/PlaybackEngines/WindowsStandaloneSupport/UnityEditor.WindowsStandalone.Extensions.dll
Registered in 0.003435 seconds.
Native extension for WindowsStandalone target not found
Refreshing native plugins compatible for Editor in 67.91 ms, found 1 plugins.
Preloading 0 native plugins for Editor in 0.00 ms.
Mono: successfully reloaded assembly
- Completed reload, in  3.729 seconds
Platform modules already initialized, skipping
Registering precompiled user dll's ...
Registered in 0.001640 seconds.
Begin MonoManager ReloadAssembly
Native extension for WindowsStandalone target not found
Refreshing native plugins compatible for Editor in 81.87 ms, found 1 plugins.
Preloading 0 native plugins for Editor in 0.00 ms.
Mono: successfully reloaded assembly
- Completed reload, in  1.632 seconds
Platform modules already initialized, skipping
========================================================================
Worker process is ready to serve import requests
Launched and connected shader compiler UnityShaderCompiler.exe after 0.08 seconds
Refreshing native plugins compatible for Editor in 0.44 ms, found 1 plugins.
Preloading 0 native plugins for Editor in 0.00 ms.
Unloading 1822 Unused Serialized files (Serialized files now loaded: 0)
System memory in use before: 85.4 MB.
System memory in use after: 85.3 MB.

Unloading 24 unused Assets to reduce memory usage. Loaded Objects now: 2266.
Total: 2.932900 ms (FindLiveObjects: 0.245100 ms CreateObjectMapping: 0.063000 ms MarkObjects: 2.440700 ms  DeleteObjects: 0.182000 ms)

========================================================================
Received Import Request.
  path: Assets/textutes/menuStoreButtonTexture.png
  artifactKey: Guid(0e404e41cf78a5c42ba960bc4831048e) Importer(815301076,1909f56bfc062723c751e8b465ee728b)
Start importing Assets/textutes/menuStoreButtonTexture.png using Guid(0e404e41cf78a5c42ba960bc4831048e) Importer(815301076,1909f56bfc062723c751e8b465ee728b)  -> (artifact id: 'efc779a60f9267b42542c620ff80d148') in 0.277355 seconds
  Import took 0.305320 seconds .

========================================================================
Received Import Request.
  Time since last request: 0.000702 seconds.
  path: Assets/textutes/mtH3uW.png
  artifactKey: Guid(fb67af68b2f855d49872972ad4d11138) Importer(815301076,1909f56bfc062723c751e8b465ee728b)
Start importing Assets/textutes/mtH3uW.png using Guid(fb67af68b2f855d49872972ad4d11138) Importer(815301076,1909f56bfc062723c751e8b465ee728b)  -> (artifact id: 'f15c25a75ab1e946009ed2615e77e97a') in 0.033251 seconds
  Import took 0.068304 seconds .

========================================================================
Received Import Request.
  Time since last request: 0.000479 seconds.
  path: Assets/textutes/sitting_man_5.png
  artifactKey: Guid(22f2c362a3c338043a8297f05a479d01) Importer(815301076,1909f56bfc062723c751e8b465ee728b)
Start importing Assets/textutes/sitting_man_5.png using Guid(22f2c362a3c338043a8297f05a479d01) Importer(815301076,1909f56bfc062723c751e8b465ee728b)  -> (artifact id: '5882ed11144b7df233723e8d44725e50') in 0.071349 seconds
  Import took 0.085630 seconds .

========================================================================
Received Import Request.
  Time since last request: 0.000344 seconds.
  path: Assets/textutes/menu_spisanie.png
  artifactKey: Guid(e582d2a0793c1134ca97722fab9f8f01) Importer(815301076,1909f56bfc062723c751e8b465ee728b)
Start importing Assets/textutes/menu_spisanie.png using Guid(e582d2a0793c1134ca97722fab9f8f01) Importer(815301076,1909f56bfc062723c751e8b465ee728b)  -> (artifact id: '0194322ea88fc617af49983096bff8e0') in 0.067353 seconds
  Import took 0.071161 seconds .

========================================================================
Received Import Request.
  Time since last request: 0.000544 seconds.
  path: Assets/textutes/text_poles_2.png
  artifactKey: Guid(7648687deabe2d241a3eb691fa4e0382) Importer(815301076,1909f56bfc062723c751e8b465ee728b)
Start importing Assets/textutes/text_poles_2.png using Guid(7648687deabe2d241a3eb691fa4e0382) Importer(815301076,1909f56bfc062723c751e8b465ee728b)  -> (artifact id: '8961c5200d1d26f6c246349fca23e5ff') in 0.069594 seconds
  Import took 0.092860 seconds .

========================================================================
Received Import Request.
  Time since last request: 0.000391 seconds.
  path: Assets/textutes/sitting_man_2.png
  artifactKey: Guid(ee65d910c4ff18c4789cdcda65fce322) Importer(815301076,1909f56bfc062723c751e8b465ee728b)
Start importing Assets/textutes/sitting_man_2.png using Guid(ee65d910c4ff18c4789cdcda65fce322) Importer(815301076,1909f56bfc062723c751e8b465ee728b)  -> (artifact id: 'f98f94748b4a4c63802e076968266f3a') in 0.073431 seconds
  Import took 0.077004 seconds .

========================================================================
Received Import Request.
  Time since last request: 0.000358 seconds.
  path: Assets/textutes/Customer1.png
  artifactKey: Guid(965a5ac26c196d04884330a54d96cf16) Importer(815301076,1909f56bfc062723c751e8b465ee728b)
Start importing Assets/textutes/Customer1.png using Guid(965a5ac26c196d04884330a54d96cf16) Importer(815301076,1909f56bfc062723c751e8b465ee728b)  -> (artifact id: 'c9ea219a384f8e23f51ad9ff7a8b8cfe') in 0.042828 seconds
  Import took 0.076893 seconds .

========================================================================
Received Import Request.
  Time since last request: 0.000315 seconds.
  path: Assets/textutes/Customer3.prefab
  artifactKey: Guid(537897431638d45419a161900f4d9efd) Importer(815301076,1909f56bfc062723c751e8b465ee728b)
Start importing Assets/textutes/Customer3.prefab using Guid(537897431638d45419a161900f4d9efd) Importer(815301076,1909f56bfc062723c751e8b465ee728b)  -> (artifact id: '80d4838aa9b3ba44d8028407b813346a') in 0.077275 seconds
  Import took 0.081220 seconds .

========================================================================
Received Import Request.
  Time since last request: 0.000268 seconds.
  path: Assets/textutes/sitting_man.png
  artifactKey: Guid(6a41423edc4fe1047b9cd52db405360f) Importer(815301076,1909f56bfc062723c751e8b465ee728b)
Start importing Assets/textutes/sitting_man.png using Guid(6a41423edc4fe1047b9cd52db405360f) Importer(815301076,1909f56bfc062723c751e8b465ee728b)  -> (artifact id: 'b0c5dd26a5ce6f898c3a07be6e374b40') in 0.043513 seconds
  Import took 0.046783 seconds .

========================================================================
Received Import Request.
  Time since last request: 0.000314 seconds.
  path: Assets/textutes/Customer1.prefab
  artifactKey: Guid(3287df5db254cd144b5ddf449b65ecf0) Importer(815301076,1909f56bfc062723c751e8b465ee728b)
Start importing Assets/textutes/Customer1.prefab using Guid(3287df5db254cd144b5ddf449b65ecf0) Importer(815301076,1909f56bfc062723c751e8b465ee728b)  -> (artifact id: '66c5290ea58b386ceab78c6cf734c8ce') in 0.011688 seconds
  Import took 0.034801 seconds .

========================================================================
Received Import Request.
  Time since last request: 0.000478 seconds.
  path: Assets/textutes/cash.png
  artifactKey: Guid(a59ff4b0247818549826d8ae06685d12) Importer(815301076,1909f56bfc062723c751e8b465ee728b)
Start importing Assets/textutes/cash.png using Guid(a59ff4b0247818549826d8ae06685d12) Importer(815301076,1909f56bfc062723c751e8b465ee728b)  -> (artifact id: 'd89a0ea207c6898aef8ca443ecb16177') in 0.055476 seconds
  Import took 0.066490 seconds .

========================================================================
Received Import Request.
  Time since last request: 0.000279 seconds.
  path: Assets/textutes/kitchen.prefab
  artifactKey: Guid(d2ea9d41eda913442acb3e48ab93df78) Importer(815301076,1909f56bfc062723c751e8b465ee728b)
Start importing Assets/textutes/kitchen.prefab using Guid(d2ea9d41eda913442acb3e48ab93df78) Importer(815301076,1909f56bfc062723c751e8b465ee728b)  -> (artifact id: 'bb93ef2b2b35acf9d1d46baae4c4d9f3') in 0.027092 seconds
  Import took 0.046209 seconds .

========================================================================
Received Import Request.
  Time since last request: 0.000298 seconds.
  path: Assets/textutes/pizza_3.png
  artifactKey: Guid(bb957e7e47f30bc4eaf0e0d8fa5483f7) Importer(815301076,1909f56bfc062723c751e8b465ee728b)
Start importing Assets/textutes/pizza_3.png using Guid(bb957e7e47f30bc4eaf0e0d8fa5483f7) Importer(815301076,1909f56bfc062723c751e8b465ee728b)  -> (artifact id: '03e846e9465c91ca1d399ff1b8a54511') in 0.035733 seconds
  Import took 0.040480 seconds .

========================================================================
Received Import Request.
  Time since last request: 0.000620 seconds.
  path: Assets/textutes/ButtonStoreOpen.png
  artifactKey: Guid(35c6a61360ea65645ba868add6ada78c) Importer(815301076,1909f56bfc062723c751e8b465ee728b)
Start importing Assets/textutes/ButtonStoreOpen.png using Guid(35c6a61360ea65645ba868add6ada78c) Importer(815301076,1909f56bfc062723c751e8b465ee728b)  -> (artifact id: 'cb16a95f3339ac18b569db684f4a74c1') in 0.011791 seconds
  Import took 0.016634 seconds .

========================================================================
Received Import Request.
  Time since last request: 0.000338 seconds.
  path: Assets/textutes/Customer2.png
  artifactKey: Guid(0f5d09e065e819e42bde82a649747c13) Importer(815301076,1909f56bfc062723c751e8b465ee728b)
Start importing Assets/textutes/Customer2.png using Guid(0f5d09e065e819e42bde82a649747c13) Importer(815301076,1909f56bfc062723c751e8b465ee728b)  -> (artifact id: 'f9ffc71db0ecc6f70fecdf90cbcca61c') in 0.042715 seconds
  Import took 0.056532 seconds .

========================================================================
Received Import Request.
  Time since last request: 0.000305 seconds.
  path: Assets/textutes/Pizzeria_2.png
  artifactKey: Guid(28bc1a5602cd3a540843194155a8f9ed) Importer(815301076,1909f56bfc062723c751e8b465ee728b)
Start importing Assets/textutes/Pizzeria_2.png using Guid(28bc1a5602cd3a540843194155a8f9ed) Importer(815301076,1909f56bfc062723c751e8b465ee728b)  -> (artifact id: '023b293f0dc3caa36fbe91ee9d56e7cd') in 0.072730 seconds
  Import took 0.077449 seconds .

========================================================================
Received Import Request.
  Time since last request: 0.000352 seconds.
  path: Assets/textutes/Customer2.prefab
  artifactKey: Guid(48306a1cf246cec4f9dacc3e0a2ee506) Importer(815301076,1909f56bfc062723c751e8b465ee728b)
Start importing Assets/textutes/Customer2.prefab using Guid(48306a1cf246cec4f9dacc3e0a2ee506) Importer(815301076,1909f56bfc062723c751e8b465ee728b)  -> (artifact id: '07da1608297bd78f7ea76d7b712d4c3f') in 0.013198 seconds
  Import took 0.017965 seconds .

========================================================================
Received Import Request.
  Time since last request: 0.000321 seconds.
  path: Assets/textutes/Customer4.png
  artifactKey: Guid(a807d15579a200f4899887d4ccc51f44) Importer(815301076,1909f56bfc062723c751e8b465ee728b)
Start importing Assets/textutes/Customer4.png using Guid(a807d15579a200f4899887d4ccc51f44) Importer(815301076,1909f56bfc062723c751e8b465ee728b)  -> (artifact id: '57fc4f4f1834a2d4b73af719654216e3') in 0.046490 seconds
  Import took 0.070448 seconds .

========================================================================
Received Import Request.
  Time since last request: 0.000319 seconds.
  path: Assets/textutes/Customer3.png
  artifactKey: Guid(847a672e9713316418fd1d01f776b6b4) Importer(815301076,1909f56bfc062723c751e8b465ee728b)
Start importing Assets/textutes/Customer3.png using Guid(847a672e9713316418fd1d01f776b6b4) Importer(815301076,1909f56bfc062723c751e8b465ee728b)  -> (artifact id: '5541ed61b8421b97f418d9fe0138fe02') in 0.014276 seconds
  Import took 0.027625 seconds .

========================================================================
Received Import Request.
  Time since last request: 0.000415 seconds.
  path: Assets/bg.png
  artifactKey: Guid(f87627ac4c12ebc448584b4bb408aaf4) Importer(815301076,1909f56bfc062723c751e8b465ee728b)
Start importing Assets/bg.png using Guid(f87627ac4c12ebc448584b4bb408aaf4) Importer(815301076,1909f56bfc062723c751e8b465ee728b)  -> (artifact id: '0550a1a54bef5093e59871a63800ccf8') in 0.047430 seconds
  Import took 0.051318 seconds .

========================================================================
Received Import Request.
  Time since last request: 0.000306 seconds.
  path: Assets/textutes/Customer5.png
  artifactKey: Guid(0710ab4210dccb040826882af70404f2) Importer(815301076,1909f56bfc062723c751e8b465ee728b)
Start importing Assets/textutes/Customer5.png using Guid(0710ab4210dccb040826882af70404f2) Importer(815301076,1909f56bfc062723c751e8b465ee728b)  -> (artifact id: 'ac03cca434cbb848acde58000b88b757') in 0.044982 seconds
  Import took 0.063374 seconds .

========================================================================
Received Import Request.
  Time since last request: 0.000367 seconds.
  path: Assets/textutes/Customer5.prefab
  artifactKey: Guid(d585805d6e94a7b44abfffd6ae95c092) Importer(815301076,1909f56bfc062723c751e8b465ee728b)
Start importing Assets/textutes/Customer5.prefab using Guid(d585805d6e94a7b44abfffd6ae95c092) Importer(815301076,1909f56bfc062723c751e8b465ee728b)  -> (artifact id: 'ae55471767b79d2c29489c926a4c24d6') in 0.015736 seconds
  Import took 0.019852 seconds .

========================================================================
Received Import Request.
  Time since last request: 0.000277 seconds.
  path: Assets/textutes/Buttonshare.png
  artifactKey: Guid(c1445f6519d1f0241bae3f108be9f4ab) Importer(815301076,1909f56bfc062723c751e8b465ee728b)
Start importing Assets/textutes/Buttonshare.png using Guid(c1445f6519d1f0241bae3f108be9f4ab) Importer(815301076,1909f56bfc062723c751e8b465ee728b)  -> (artifact id: 'c031d4ad35d7a9533f5e0ef170afb756') in 0.015190 seconds
  Import took 0.023756 seconds .

========================================================================
Received Import Request.
  Time since last request: 0.000407 seconds.
  path: Assets/textutes/MenuPanelMain.png
  artifactKey: Guid(8201b64d5ecce914d99cb3a30f1849cc) Importer(815301076,1909f56bfc062723c751e8b465ee728b)
Start importing Assets/textutes/MenuPanelMain.png using Guid(8201b64d5ecce914d99cb3a30f1849cc) Importer(815301076,1909f56bfc062723c751e8b465ee728b)  -> (artifact id: '6746bb906f7850071a862d022d1b1a21') in 0.054366 seconds
  Import took 0.057570 seconds .

========================================================================
Received Import Request.
  Time since last request: 0.000326 seconds.
  path: Assets/textutes/Customer4.prefab
  artifactKey: Guid(33b92e1427ceebd4781eff613d0977d6) Importer(815301076,1909f56bfc062723c751e8b465ee728b)
Start importing Assets/textutes/Customer4.prefab using Guid(33b92e1427ceebd4781eff613d0977d6) Importer(815301076,1909f56bfc062723c751e8b465ee728b)  -> (artifact id: '6cc83212b8a9e160fcad4e2b1bd12627') in 0.013979 seconds
  Import took 0.033726 seconds .

========================================================================
Received Import Request.
  Time since last request: 0.000284 seconds.
  path: Assets/textutes
  artifactKey: Guid(c9b4febdb123ba84aa5ce29b32bf4cfe) Importer(815301076,1909f56bfc062723c751e8b465ee728b)
Start importing Assets/textutes using Guid(c9b4febdb123ba84aa5ce29b32bf4cfe) Importer(815301076,1909f56bfc062723c751e8b465ee728b)  -> (artifact id: '83d30464b0e46909c73b43f67c46860b') in 0.002133 seconds
  Import took 0.005432 seconds .

========================================================================
Received Import Request.
  Time since last request: 0.000284 seconds.
  path: Assets/textutes/sitting_man_3.png
  artifactKey: Guid(7d9d14a2e3614354ca01aba178dfff4c) Importer(815301076,1909f56bfc062723c751e8b465ee728b)
Start importing Assets/textutes/sitting_man_3.png using Guid(7d9d14a2e3614354ca01aba178dfff4c) Importer(815301076,1909f56bfc062723c751e8b465ee728b)  -> (artifact id: '495577cfa9479ab8512c2ca2d44f256a') in 0.043349 seconds
  Import took 0.066716 seconds .

========================================================================
Received Import Request.
  Time since last request: 0.000296 seconds.
  path: Assets/expenses 1.prefab
  artifactKey: Guid(748a39b52b6b56f4fbe37372c1a4cc65) Importer(815301076,1909f56bfc062723c751e8b465ee728b)
Start importing Assets/expenses 1.prefab using Guid(748a39b52b6b56f4fbe37372c1a4cc65) Importer(815301076,1909f56bfc062723c751e8b465ee728b)  -> (artifact id: '4e8ac31d4bf41572a26ff09c4bbd3a53') in 0.101425 seconds
  Import took 0.127606 seconds .

========================================================================
Received Import Request.
  Time since last request: 0.000456 seconds.
  path: Assets/textutes/sitting_man_4.png
  artifactKey: Guid(f7114cbe55f51bf4498784bf369ef69a) Importer(815301076,1909f56bfc062723c751e8b465ee728b)
Start importing Assets/textutes/sitting_man_4.png using Guid(f7114cbe55f51bf4498784bf369ef69a) Importer(815301076,1909f56bfc062723c751e8b465ee728b)  -> (artifact id: 'a7cbc248b52d378178a00686e97c3b5c') in 0.063229 seconds
  Import took 0.068936 seconds .

========================================================================
Received Import Request.
  Time since last request: 0.626117 seconds.
  path: Assets/scripts/chngScene.cs
  artifactKey: Guid(f775aecf6f9d69845aa348218840a923) Importer(815301076,1909f56bfc062723c751e8b465ee728b)
Start importing Assets/scripts/chngScene.cs using Guid(f775aecf6f9d69845aa348218840a923) Importer(815301076,1909f56bfc062723c751e8b465ee728b)  -> (artifact id: '7e496cc45a1bb8a4af745f914a1bf9cb') in 0.018469 seconds
  Import took 0.045542 seconds .

========================================================================
Received Prepare
Registering precompiled user dll's ...
Registered in 0.001274 seconds.
Begin MonoManager ReloadAssembly
Native extension for WindowsStandalone target not found
Refreshing native plugins compatible for Editor in 0.55 ms, found 1 plugins.
Preloading 0 native plugins for Editor in 0.00 ms.
Mono: successfully reloaded assembly
- Completed reload, in  1.304 seconds
Platform modules already initialized, skipping
Refreshing native plugins compatible for Editor in 0.42 ms, found 1 plugins.
Preloading 0 native plugins for Editor in 0.00 ms.
Unloading 1817 Unused Serialized files (Serialized files now loaded: 0)
System memory in use before: 88.5 MB.
System memory in use after: 88.5 MB.

Unloading 12 unused Assets to reduce memory usage. Loaded Objects now: 2293.
Total: 2.471900 ms (FindLiveObjects: 0.223400 ms CreateObjectMapping: 0.052700 ms MarkObjects: 2.057400 ms  DeleteObjects: 0.137100 ms)

========================================================================
Received Import Request.
  Time since last request: 96.145318 seconds.
  path: Assets/scripts/chngScene.cs
  artifactKey: Guid(f775aecf6f9d69845aa348218840a923) Importer(815301076,1909f56bfc062723c751e8b465ee728b)
Start importing Assets/scripts/chngScene.cs using Guid(f775aecf6f9d69845aa348218840a923) Importer(815301076,1909f56bfc062723c751e8b465ee728b)  -> (artifact id: '1b71b7f6bd05a9e1374cca50cf09dccf') in 0.008165 seconds
  Import took 0.012725 seconds .

========================================================================
Received Import Request.
  Time since last request: 0.018900 seconds.
  path: Assets/scripts/chngScene.cs
  artifactKey: Guid(f775aecf6f9d69845aa348218840a923) Importer(815301076,1909f56bfc062723c751e8b465ee728b)
Start importing Assets/scripts/chngScene.cs using Guid(f775aecf6f9d69845aa348218840a923) Importer(815301076,1909f56bfc062723c751e8b465ee728b)  -> (artifact id: '1b71b7f6bd05a9e1374cca50cf09dccf') in 0.003370 seconds
  Import took 0.009042 seconds .

========================================================================
Received Prepare
Registering precompiled user dll's ...
Registered in 0.001153 seconds.
Begin MonoManager ReloadAssembly
Native extension for WindowsStandalone target not found
Refreshing native plugins compatible for Editor in 0.48 ms, found 1 plugins.
Preloading 0 native plugins for Editor in 0.00 ms.
Mono: successfully reloaded assembly
- Completed reload, in  1.354 seconds
Platform modules already initialized, skipping
Refreshing native plugins compatible for Editor in 0.47 ms, found 1 plugins.
Preloading 0 native plugins for Editor in 0.00 ms.
Unloading 1817 Unused Serialized files (Serialized files now loaded: 0)
System memory in use before: 88.5 MB.
System memory in use after: 88.5 MB.

Unloading 12 unused Assets to reduce memory usage. Loaded Objects now: 2297.
Total: 3.147200 ms (FindLiveObjects: 0.252300 ms CreateObjectMapping: 0.062300 ms MarkObjects: 2.607400 ms  DeleteObjects: 0.222900 ms)

========================================================================
Received Import Request.
  Time since last request: 85.553688 seconds.
  path: Assets/scripts/UI
  artifactKey: Guid(2fe10f553593eea4b8d38cd2820eb226) Importer(815301076,1909f56bfc062723c751e8b465ee728b)
Start importing Assets/scripts/UI using Guid(2fe10f553593eea4b8d38cd2820eb226) Importer(815301076,1909f56bfc062723c751e8b465ee728b)  -> (artifact id: 'e784ff0eab3c841bf9be0484d5781d63') in 0.025687 seconds
  Import took 0.045229 seconds .

========================================================================
Received Import Request.
  Time since last request: 0.801118 seconds.
  path: Assets/scripts/Clsses
  artifactKey: Guid(9fe8360ab0c68eb45b1054cb6914abed) Importer(815301076,1909f56bfc062723c751e8b465ee728b)
Start importing Assets/scripts/Clsses using Guid(9fe8360ab0c68eb45b1054cb6914abed) Importer(815301076,1909f56bfc062723c751e8b465ee728b)  -> (artifact id: '3f7fd37a74ff8003c7a52ee57da06080') in 0.005192 seconds
  Import took 0.011486 seconds .

========================================================================
Received Import Request.
  Time since last request: 3.399869 seconds.
  path: Assets/Scenes
  artifactKey: Guid(64689bbb7b62b0646a418f72f3f6d50c) Importer(815301076,1909f56bfc062723c751e8b465ee728b)
Start importing Assets/Scenes using Guid(64689bbb7b62b0646a418f72f3f6d50c) Importer(815301076,1909f56bfc062723c751e8b465ee728b)  -> (artifact id: 'd0da03ff679940e365d60353a28f9141') in 0.005621 seconds
  Import took 0.026408 seconds .

========================================================================
Received Import Request.
  Time since last request: 1.221145 seconds.
  path: Assets/Scenes/main.unity
  artifactKey: Guid(1eb07b8f928d36f4397e5e5da1d27b4b) Importer(815301076,1909f56bfc062723c751e8b465ee728b)
Start importing Assets/Scenes/main.unity using Guid(1eb07b8f928d36f4397e5e5da1d27b4b) Importer(815301076,1909f56bfc062723c751e8b465ee728b)  -> (artifact id: 'c0e45974cdf32e2ace1df34127a911b4') in 0.026036 seconds
  Import took 0.031739 seconds .

========================================================================
Received Import Request.
  Time since last request: 2.871172 seconds.
  path: Assets/Scenes/main 1.unity
  artifactKey: Guid(aaa1ab49877bd5a48a7ad1c3c6dc83cb) Importer(815301076,1909f56bfc062723c751e8b465ee728b)
Start importing Assets/Scenes/main 1.unity using Guid(aaa1ab49877bd5a48a7ad1c3c6dc83cb) Importer(815301076,1909f56bfc062723c751e8b465ee728b)  -> (artifact id: '53adb6ac137ab2d516b78af754a4f2b9') in 0.008030 seconds
  Import took 0.015772 seconds .

========================================================================
Received Import Request.
  Time since last request: 0.608062 seconds.
  path: Assets/Scenes/main 2.unity
  artifactKey: Guid(66977cbefb842cd4896d1009f67178e0) Importer(815301076,1909f56bfc062723c751e8b465ee728b)
Start importing Assets/Scenes/main 2.unity using Guid(66977cbefb842cd4896d1009f67178e0) Importer(815301076,1909f56bfc062723c751e8b465ee728b)  -> (artifact id: '4f04a48ee504f69e22e0c54c8404aa6f') in 0.006199 seconds
  Import took 0.012196 seconds .

========================================================================
Received Import Request.
  Time since last request: 2.170979 seconds.
  path: Assets/Scenes/you lose.unity
  artifactKey: Guid(d3f6354a4e930f943928c2f469a05677) Importer(815301076,1909f56bfc062723c751e8b465ee728b)
Start importing Assets/Scenes/you lose.unity using Guid(d3f6354a4e930f943928c2f469a05677) Importer(815301076,1909f56bfc062723c751e8b465ee728b)  -> (artifact id: 'dd3e72609e29e83b1142dbcff7998e00') in 0.021233 seconds
  Import took 0.040888 seconds .

========================================================================
Received Import Request.
  Time since last request: 3.736207 seconds.
  path: Assets/Scenes/2.unity
  artifactKey: Guid(aaa1ab49877bd5a48a7ad1c3c6dc83cb) Importer(815301076,1909f56bfc062723c751e8b465ee728b)
Start importing Assets/Scenes/2.unity using Guid(aaa1ab49877bd5a48a7ad1c3c6dc83cb) Importer(815301076,1909f56bfc062723c751e8b465ee728b)  -> (artifact id: '2813f7d86185284bcf64a3fc75bc8f92') in 0.006296 seconds
  Import took 0.034950 seconds .

========================================================================
Received Import Request.
  Time since last request: 6.437109 seconds.
  path: Assets/Scenes/main2.unity
  artifactKey: Guid(aaa1ab49877bd5a48a7ad1c3c6dc83cb) Importer(815301076,1909f56bfc062723c751e8b465ee728b)
Start importing Assets/Scenes/main2.unity using Guid(aaa1ab49877bd5a48a7ad1c3c6dc83cb) Importer(815301076,1909f56bfc062723c751e8b465ee728b)  -> (artifact id: 'a1db3d6f86c11be3be5020a301b14426') in 0.005233 seconds
  Import took 0.011459 seconds .

========================================================================
Received Import Request.
  Time since last request: 10.587026 seconds.
  path: Assets/Scenes/main3.unity
  artifactKey: Guid(66977cbefb842cd4896d1009f67178e0) Importer(815301076,1909f56bfc062723c751e8b465ee728b)
Start importing Assets/Scenes/main3.unity using Guid(66977cbefb842cd4896d1009f67178e0) Importer(815301076,1909f56bfc062723c751e8b465ee728b)  -> (artifact id: '208e05526786f91e032ca8da1dab6f2f') in 0.005111 seconds
  Import took 0.027446 seconds .

========================================================================
Received Prepare
Registering precompiled user dll's ...
Registered in 0.001153 seconds.
Begin MonoManager ReloadAssembly
Native extension for WindowsStandalone target not found
Refreshing native plugins compatible for Editor in 0.62 ms, found 1 plugins.
Preloading 0 native plugins for Editor in 0.00 ms.
Mono: successfully reloaded assembly
- Completed reload, in  1.480 seconds
Platform modules already initialized, skipping
Refreshing native plugins compatible for Editor in 0.47 ms, found 1 plugins.
Preloading 0 native plugins for Editor in 0.00 ms.
Unloading 1817 Unused Serialized files (Serialized files now loaded: 0)
System memory in use before: 88.5 MB.
System memory in use after: 88.5 MB.

Unloading 12 unused Assets to reduce memory usage. Loaded Objects now: 2301.
Total: 4.014900 ms (FindLiveObjects: 0.240500 ms CreateObjectMapping: 0.058700 ms MarkObjects: 3.468300 ms  DeleteObjects: 0.245300 ms)

========================================================================
Received Prepare
Registering precompiled user dll's ...
Registered in 0.001539 seconds.
Begin MonoManager ReloadAssembly
Native extension for WindowsStandalone target not found
Refreshing native plugins compatible for Editor in 0.43 ms, found 1 plugins.
Preloading 0 native plugins for Editor in 0.00 ms.
Mono: successfully reloaded assembly
- Completed reload, in  1.341 seconds
Platform modules already initialized, skipping
Refreshing native plugins compatible for Editor in 0.38 ms, found 1 plugins.
Preloading 0 native plugins for Editor in 0.00 ms.
Unloading 1817 Unused Serialized files (Serialized files now loaded: 0)
System memory in use before: 88.6 MB.
System memory in use after: 88.5 MB.

Unloading 12 unused Assets to reduce memory usage. Loaded Objects now: 2305.
Total: 2.120500 ms (FindLiveObjects: 0.214700 ms CreateObjectMapping: 0.044400 ms MarkObjects: 1.731700 ms  DeleteObjects: 0.128600 ms)

========================================================================
Received Import Request.
  Time since last request: 293.161148 seconds.
  path: Assets/Scenes/main2.unity
  artifactKey: Guid(aaa1ab49877bd5a48a7ad1c3c6dc83cb) Importer(815301076,1909f56bfc062723c751e8b465ee728b)
Start importing Assets/Scenes/main2.unity using Guid(aaa1ab49877bd5a48a7ad1c3c6dc83cb) Importer(815301076,1909f56bfc062723c751e8b465ee728b)  -> (artifact id: 'b21c0af16c2c3ddbec258487392969d0') in 0.028272 seconds
  Import took 0.048359 seconds .

========================================================================
Received Prepare
Registering precompiled user dll's ...
Registered in 0.000911 seconds.
Begin MonoManager ReloadAssembly
Native extension for WindowsStandalone target not found
Refreshing native plugins compatible for Editor in 0.40 ms, found 1 plugins.
Preloading 0 native plugins for Editor in 0.00 ms.
Mono: successfully reloaded assembly
- Completed reload, in  1.498 seconds
Platform modules already initialized, skipping
Refreshing native plugins compatible for Editor in 0.71 ms, found 1 plugins.
Preloading 0 native plugins for Editor in 0.00 ms.
Unloading 1817 Unused Serialized files (Serialized files now loaded: 0)
System memory in use before: 88.6 MB.
System memory in use after: 88.6 MB.

Unloading 12 unused Assets to reduce memory usage. Loaded Objects now: 2309.
Total: 4.168700 ms (FindLiveObjects: 0.292700 ms CreateObjectMapping: 0.102300 ms MarkObjects: 3.604100 ms  DeleteObjects: 0.167800 ms)

========================================================================
Received Import Request.
  Time since last request: 35.599493 seconds.
  path: Assets/Scenes/main3.unity
  artifactKey: Guid(66977cbefb842cd4896d1009f67178e0) Importer(815301076,1909f56bfc062723c751e8b465ee728b)
Start importing Assets/Scenes/main3.unity using Guid(66977cbefb842cd4896d1009f67178e0) Importer(815301076,1909f56bfc062723c751e8b465ee728b)  -> (artifact id: '8fc3c61ab663a5b4eb583d556078f8c9') in 0.018571 seconds
  Import took 0.024285 seconds .

========================================================================
Received Import Request.
  Time since last request: 33.744543 seconds.
  path: Assets/Scenes/main.unity
  artifactKey: Guid(1eb07b8f928d36f4397e5e5da1d27b4b) Importer(815301076,1909f56bfc062723c751e8b465ee728b)
Start importing Assets/Scenes/main.unity using Guid(1eb07b8f928d36f4397e5e5da1d27b4b) Importer(815301076,1909f56bfc062723c751e8b465ee728b)  -> (artifact id: '0d949d182e79aa8c7211796d9acb9b6e') in 0.006238 seconds
  Import took 0.011618 seconds .

========================================================================
Received Import Request.
  Time since last request: 44.949745 seconds.
  path: Assets/Scenes/main2.unity
  artifactKey: Guid(aaa1ab49877bd5a48a7ad1c3c6dc83cb) Importer(815301076,1909f56bfc062723c751e8b465ee728b)
Start importing Assets/Scenes/main2.unity using Guid(aaa1ab49877bd5a48a7ad1c3c6dc83cb) Importer(815301076,1909f56bfc062723c751e8b465ee728b)  -> (artifact id: '137ed71d892601243811571956372e22') in 0.005476 seconds
  Import took 0.012068 seconds .

========================================================================
Received Prepare
Registering precompiled user dll's ...
Registered in 0.001286 seconds.
Begin MonoManager ReloadAssembly
Native extension for WindowsStandalone target not found
Refreshing native plugins compatible for Editor in 0.66 ms, found 1 plugins.
Preloading 0 native plugins for Editor in 0.00 ms.
Mono: successfully reloaded assembly
- Completed reload, in  1.561 seconds
Platform modules already initialized, skipping
Refreshing native plugins compatible for Editor in 0.58 ms, found 1 plugins.
Preloading 0 native plugins for Editor in 0.00 ms.
Unloading 1817 Unused Serialized files (Serialized files now loaded: 0)
System memory in use before: 88.6 MB.
System memory in use after: 88.6 MB.

Unloading 12 unused Assets to reduce memory usage. Loaded Objects now: 2313.
Total: 3.022200 ms (FindLiveObjects: 0.301000 ms CreateObjectMapping: 0.093400 ms MarkObjects: 2.456600 ms  DeleteObjects: 0.169400 ms)

========================================================================
Received Import Request.
  Time since last request: 17.300947 seconds.
  path: Assets/Scenes/main3.unity
  artifactKey: Guid(66977cbefb842cd4896d1009f67178e0) Importer(815301076,1909f56bfc062723c751e8b465ee728b)
Start importing Assets/Scenes/main3.unity using Guid(66977cbefb842cd4896d1009f67178e0) Importer(815301076,1909f56bfc062723c751e8b465ee728b)  -> (artifact id: '4ea07becb669b7d60b5e7ba67ee85f9e') in 0.028781 seconds
  Import took 0.034766 seconds .

========================================================================
Received Prepare
Registering precompiled user dll's ...
Registered in 0.001886 seconds.
Begin MonoManager ReloadAssembly
Native extension for WindowsStandalone target not found
Refreshing native plugins compatible for Editor in 0.65 ms, found 1 plugins.
Preloading 0 native plugins for Editor in 0.00 ms.
Mono: successfully reloaded assembly
- Completed reload, in  1.799 seconds
Platform modules already initialized, skipping
Refreshing native plugins compatible for Editor in 0.46 ms, found 1 plugins.
Preloading 0 native plugins for Editor in 0.00 ms.
Unloading 1817 Unused Serialized files (Serialized files now loaded: 0)
System memory in use before: 88.6 MB.
System memory in use after: 88.6 MB.

Unloading 12 unused Assets to reduce memory usage. Loaded Objects now: 2317.
Total: 3.337000 ms (FindLiveObjects: 0.338600 ms CreateObjectMapping: 0.095600 ms MarkObjects: 2.676000 ms  DeleteObjects: 0.224600 ms)

AssetImportWorkerClient::OnTransportError - code=2 error=End of file
