Using pre-set license
Built from '2020.3/staging' branch; Version is '2020.3.4f1 (0abb6314276a) revision 703331'; Using compiler version '192528614'; Build Type 'Release'
OS: 'Windows 10 Enterprise LTSC 2019; OS build 17763.1817; Version 1809; 64bit' Language: 'ru' Physical Memory: 6092 MB
BatchMode: 1, IsHumanControllingUs: 0, StartBugReporterOnCrash: 0, Is64bit: 1, IsPro: 0

 COMMAND LINE ARGUMENTS:
C:\Program Files\Unity\Hub\Editor\2020.3.4f1\Editor\Unity.exe
-adb2
-batchMode
-noUpm
-name
AssetImportWorker0
-projectPath
D:/DocumentsNEW/GitHub/ALDNT/ALDNT/ALDNT
-logFile
Logs/AssetImportWorker0.log
-srvPort
59596
Successfully changed project path to: D:/DocumentsNEW/GitHub/ALDNT/ALDNT/ALDNT
D:/DocumentsNEW/GitHub/ALDNT/ALDNT/ALDNT
Using Asset Import Pipeline V2.
Refreshing native plugins compatible for Editor in 49.49 ms, found 1 plugins.
Preloading 0 native plugins for Editor in 0.00 ms.
Initialize engine version: 2020.3.4f1 (0abb6314276a)
[Subsystems] Discovering subsystems at path C:/Program Files/Unity/Hub/Editor/2020.3.4f1/Editor/Data/Resources/UnitySubsystems
[Subsystems] Discovering subsystems at path D:/DocumentsNEW/GitHub/ALDNT/ALDNT/ALDNT/Assets
GfxDevice: creating device client; threaded=0
Direct3D:
    Version:  Direct3D 11.0 [level 11.1]
    Renderer: AMD Radeon(TM) Vega 8 Graphics (ID=0x15dd)
    Vendor:   
    VRAM:     3046 MB
    Driver:   26.20.11002.12
Initialize mono
Mono path[0] = 'C:/Program Files/Unity/Hub/Editor/2020.3.4f1/Editor/Data/Managed'
Mono path[1] = 'C:/Program Files/Unity/Hub/Editor/2020.3.4f1/Editor/Data/MonoBleedingEdge/lib/mono/unityjit'
Mono config path = 'C:/Program Files/Unity/Hub/Editor/2020.3.4f1/Editor/Data/MonoBleedingEdge/etc'
Using monoOptions --debugger-agent=transport=dt_socket,embedding=1,server=y,suspend=n,address=127.0.0.1:56820
Begin MonoManager ReloadAssembly
Registering precompiled unity dll's ...
Register platform support module: C:/Program Files/Unity/Hub/Editor/2020.3.4f1/Editor/Data/PlaybackEngines/WindowsStandaloneSupport/UnityEditor.WindowsStandalone.Extensions.dll
Registered in 0.004195 seconds.
Native extension for WindowsStandalone target not found
Refreshing native plugins compatible for Editor in 63.53 ms, found 1 plugins.
Preloading 0 native plugins for Editor in 0.00 ms.
Mono: successfully reloaded assembly
- Completed reload, in  4.060 seconds
Platform modules already initialized, skipping
Registering precompiled user dll's ...
Registered in 0.000942 seconds.
Begin MonoManager ReloadAssembly
Native extension for WindowsStandalone target not found
Refreshing native plugins compatible for Editor in 94.95 ms, found 1 plugins.
Preloading 0 native plugins for Editor in 0.00 ms.
Mono: successfully reloaded assembly
- Completed reload, in  1.978 seconds
Platform modules already initialized, skipping
========================================================================
Worker process is ready to serve import requests
Launched and connected shader compiler UnityShaderCompiler.exe after 0.08 seconds
Refreshing native plugins compatible for Editor in 0.44 ms, found 1 plugins.
Preloading 0 native plugins for Editor in 0.00 ms.
Unloading 1822 Unused Serialized files (Serialized files now loaded: 0)
System memory in use before: 85.3 MB.
System memory in use after: 85.3 MB.

Unloading 24 unused Assets to reduce memory usage. Loaded Objects now: 2266.
Total: 4.161300 ms (FindLiveObjects: 0.486200 ms CreateObjectMapping: 0.281900 ms MarkObjects: 3.196800 ms  DeleteObjects: 0.193700 ms)

========================================================================
Received Import Request.
  path: Assets/Scenes/main2.unity
  artifactKey: Guid(aaa1ab49877bd5a48a7ad1c3c6dc83cb) Importer(815301076,1909f56bfc062723c751e8b465ee728b)
Start importing Assets/Scenes/main2.unity using Guid(aaa1ab49877bd5a48a7ad1c3c6dc83cb) Importer(815301076,1909f56bfc062723c751e8b465ee728b)  -> (artifact id: '747feee436307944c5ed995d88601540') in 0.016177 seconds
  Import took 0.020696 seconds .

========================================================================
Received Import Request.
  Time since last request: 26.956014 seconds.
  path: Assets/Scenes/main3.unity
  artifactKey: Guid(66977cbefb842cd4896d1009f67178e0) Importer(815301076,1909f56bfc062723c751e8b465ee728b)
Start importing Assets/Scenes/main3.unity using Guid(66977cbefb842cd4896d1009f67178e0) Importer(815301076,1909f56bfc062723c751e8b465ee728b)  -> (artifact id: '06ee79c53f6fa792b889a3ea53228cc0') in 0.005485 seconds
  Import took 0.014830 seconds .

========================================================================
Received Import Request.
  Time since last request: 0.000831 seconds.
  path: Assets/Scenes/main3.unity
  artifactKey: Guid(66977cbefb842cd4896d1009f67178e0) Importer(815301076,1909f56bfc062723c751e8b465ee728b)
Start importing Assets/Scenes/main3.unity using Guid(66977cbefb842cd4896d1009f67178e0) Importer(815301076,1909f56bfc062723c751e8b465ee728b)  -> (artifact id: '06ee79c53f6fa792b889a3ea53228cc0') in 0.004387 seconds
  Import took 0.011043 seconds .

========================================================================
Received Prepare
Registering precompiled user dll's ...
Registered in 0.006371 seconds.
Begin MonoManager ReloadAssembly
Native extension for WindowsStandalone target not found
Refreshing native plugins compatible for Editor in 1.10 ms, found 1 plugins.
Preloading 0 native plugins for Editor in 0.00 ms.
Mono: successfully reloaded assembly
- Completed reload, in  2.217 seconds
Platform modules already initialized, skipping
Refreshing native plugins compatible for Editor in 1.52 ms, found 1 plugins.
Preloading 0 native plugins for Editor in 0.00 ms.
Unloading 1817 Unused Serialized files (Serialized files now loaded: 0)
System memory in use before: 85.3 MB.
System memory in use after: 85.3 MB.

Unloading 12 unused Assets to reduce memory usage. Loaded Objects now: 2270.
Total: 6.370500 ms (FindLiveObjects: 0.640200 ms CreateObjectMapping: 0.209800 ms MarkObjects: 4.751900 ms  DeleteObjects: 0.746000 ms)

========================================================================
Received Prepare
Registering precompiled user dll's ...
Registered in 0.000905 seconds.
Begin MonoManager ReloadAssembly
Native extension for WindowsStandalone target not found
Refreshing native plugins compatible for Editor in 0.42 ms, found 1 plugins.
Preloading 0 native plugins for Editor in 0.00 ms.
Mono: successfully reloaded assembly
- Completed reload, in  1.390 seconds
Platform modules already initialized, skipping
Refreshing native plugins compatible for Editor in 0.52 ms, found 1 plugins.
Preloading 0 native plugins for Editor in 0.00 ms.
Unloading 1817 Unused Serialized files (Serialized files now loaded: 0)
System memory in use before: 85.3 MB.
System memory in use after: 85.3 MB.

Unloading 12 unused Assets to reduce memory usage. Loaded Objects now: 2274.
Total: 2.437500 ms (FindLiveObjects: 0.237400 ms CreateObjectMapping: 0.056800 ms MarkObjects: 2.009000 ms  DeleteObjects: 0.133100 ms)

========================================================================
Received Import Request.
  Time since last request: 215.292635 seconds.
  path: Assets/scripts/requestgen.cs
  artifactKey: Guid(c50ffeebfb15cf641aaed50bf36e3f96) Importer(815301076,1909f56bfc062723c751e8b465ee728b)
Start importing Assets/scripts/requestgen.cs using Guid(c50ffeebfb15cf641aaed50bf36e3f96) Importer(815301076,1909f56bfc062723c751e8b465ee728b)  -> (artifact id: '21678875e5be852b4db2a57cdea6d70a') in 0.046083 seconds
  Import took 0.066879 seconds .

========================================================================
Received Prepare
Registering precompiled user dll's ...
Registered in 0.001133 seconds.
Begin MonoManager ReloadAssembly
Native extension for WindowsStandalone target not found
Refreshing native plugins compatible for Editor in 0.42 ms, found 1 plugins.
Preloading 0 native plugins for Editor in 0.00 ms.
Mono: successfully reloaded assembly
- Completed reload, in  1.526 seconds
Platform modules already initialized, skipping
Refreshing native plugins compatible for Editor in 0.53 ms, found 1 plugins.
Preloading 0 native plugins for Editor in 0.00 ms.
Unloading 1817 Unused Serialized files (Serialized files now loaded: 0)
System memory in use before: 85.4 MB.
System memory in use after: 85.3 MB.

Unloading 12 unused Assets to reduce memory usage. Loaded Objects now: 2278.
Total: 3.345000 ms (FindLiveObjects: 0.274100 ms CreateObjectMapping: 0.066100 ms MarkObjects: 2.821600 ms  DeleteObjects: 0.181400 ms)

AssetImportWorkerClient::OnTransportError - code=2 error=End of file
